<?xml version="1.0" encoding="UTF-8"?>
<testsuite xmlns:xsi="http://www.w3.org/2001/XMLSchema-instance" xsi:noNamespaceSchemaLocation="https://maven.apache.org/surefire/maven-surefire-plugin/xsd/surefire-test-report-3.0.xsd" version="3.0" name="TestSuite" time="53.747" tests="4" errors="0" skipped="0" failures="0">
  <properties>
[...]
</properties>
  <testcase name="runScenario[&quot;Login using correct Email ID and Password&quot;, &quot;TruTime&quot;](1)" classname="allTest.CucumberRunner" time="29.254">
    <system-out><![CDATA[
Scenario: Login using correct Email ID and Password &amp#27;[90m# src/test/resources/features/TruTime.feature:4&amp#27;[0m
  &amp#27;[32mGiven &amp#27;[0m&amp#27;[32mUser is on the Login page&amp#27;[0m                   &amp#27;[90m# allTest.TruTimeTest.validateLoginPage()&amp#27;[0m

    Embedding Screenshot [image/png 9084 bytes]

  &amp#27;[32mAnd &amp#27;[0m&amp#27;[32mUser selects the required login options&amp#27;[0m       &amp#27;[90m# allTest.TruTimeTest.verify()&amp#27;[0m

    Embedding Screenshot [image/png 716412 bytes]

  &amp#27;[32mThen &amp#27;[0m&amp#27;[32mUser is redirected to Home page&amp#27;[0m              &amp#27;[90m# allTest.TruTimeTest.verify()&amp#27;[0m

    Embedding Screenshot [image/png 716412 bytes]

]]></system-out>
    <system-err><![CDATA[Starting ChromeDriver 111.0.5563.64 (c710e93d5b63b7095afe8c2c17df34408078439d-refs/branch-heads/5563@{#995}) on port 21962
Only local connections are allowed.
Please see https://chromedriver.chromium.org/security-considerations for suggestions on keeping ChromeDriver safe.
ChromeDriver was started successfully.
Jun 22, 2023 11:18:26 AM org.openqa.selenium.devtools.CdpVersionFinder findNearestMatch
WARNING: Unable to find an exact match for CDP version 111, so returning the closest version found: 108
]]></system-err>
  </testcase>
  <testcase name="runScenario[&quot;Opening OneCognizant Page&quot;, &quot;TruTime&quot;](2)" classname="allTest.CucumberRunner" time="9.302">
    <system-out><![CDATA[
Scenario: Opening OneCognizant Page               &amp#27;[90m# src/test/resources/features/TruTime.feature:10&amp#27;[0m
  &amp#27;[32mGiven &amp#27;[0m&amp#27;[32mUser is on Home Page&amp#27;[0m                      &amp#27;[90m# allTest.TruTimeTest.verify()&amp#27;[0m

    Embedding Screenshot [image/png 819436 bytes]

_______________________________________________________________________________________________________
Upreti, Vidit (Contractor)
_______________________________________________________________________________________________________
  &amp#27;[32mWhen &amp#27;[0m&amp#27;[32mUser scrolls down&amp#27;[0m                          &amp#27;[90m# allTest.TruTimeTest.searchBar()&amp#27;[0m

    Embedding Screenshot [image/png 429713 bytes]

  &amp#27;[32mAnd &amp#27;[0m&amp#27;[32mClicks on OneCognizant&amp#27;[0m                      &amp#27;[90m# allTest.TruTimeTest.enterTruTime()&amp#27;[0m

    Embedding Screenshot [image/png 318070 bytes]

  &amp#27;[32mThen &amp#27;[0m&amp#27;[32mUser is redirected to OneCognizant webpage&amp#27;[0m &amp#27;[90m# allTest.TruTimeTest.verifyOneCognizant()&amp#27;[0m

    Embedding Screenshot [image/png 324558 bytes]

]]></system-out>
  </testcase>
  <testcase name="runScenario[&quot;Searching and Opening TruTime Page&quot;, &quot;TruTime&quot;](3)" classname="allTest.CucumberRunner" time="3.155">
    <system-out><![CDATA[
Scenario: Searching and Opening TruTime Page &amp#27;[90m# src/test/resources/features/TruTime.feature:17&amp#27;[0m
  &amp#27;[32mGiven &amp#27;[0m&amp#27;[32mUser is on OneCognizant Page&amp#27;[0m         &amp#27;[90m# allTest.TruTimeTest.verifyOneCognizant()&amp#27;[0m

    Embedding Screenshot [image/png 324558 bytes]

  &amp#27;[32mWhen &amp#27;[0m&amp#27;[32mUser Enters Trutime in search bar&amp#27;[0m     &amp#27;[90m# allTest.TruTimeTest.enterInSearch()&amp#27;[0m

    Embedding Screenshot [image/png 323266 bytes]

  &amp#27;[32mAnd &amp#27;[0m&amp#27;[32mClicks on Trutime result&amp#27;[0m               &amp#27;[90m# allTest.TruTimeTest.clickTrutime()&amp#27;[0m

    Embedding Screenshot [image/png 42873 bytes]

  &amp#27;[32mThen &amp#27;[0m&amp#27;[32mUser is redirected to TruTime Page&amp#27;[0m    &amp#27;[90m# allTest.TruTimeTest.Verify()&amp#27;[0m

    Embedding Screenshot [image/png 41398 bytes]

]]></system-out>
  </testcase>
  <testcase name="runScenario[&quot;Verification of displayed dates&quot;, &quot;TruTime&quot;](4)" classname="allTest.CucumberRunner" time="3.934">
    <system-out><![CDATA[
Scenario: Verification of displayed dates                     &amp#27;[90m# src/test/resources/features/TruTime.feature:24&amp#27;[0m
  &amp#27;[32mGiven &amp#27;[0m&amp#27;[32mUser is on TruTime Page&amp#27;[0m                               &amp#27;[90m# allTest.TruTimeTest.Verify()&amp#27;[0m

    Embedding Screenshot [image/png 41398 bytes]

_______________________________________________________________________________________________________
Sun, 18 Jun
Mon, 19 Jun
Tue, 20 Jun
Wed, 21 Jun
Thu, 22 Jun
Fri, 23 Jun
Sat, 24 Jun
_______________________________________________________________________________________________________
  &amp#27;[32mThen &amp#27;[0m&amp#27;[32mThe dates for the current week are correctly displayed&amp#27;[0m &amp#27;[90m# allTest.TruTimeTest.verifyAndDisplayCurentWeekDates()&amp#27;[0m

    Embedding Screenshot [image/png 170168 bytes]

  &amp#27;[32mAnd &amp#27;[0m&amp#27;[32mToday's date is selected&amp#27;[0m                                &amp#27;[90m# allTest.TruTimeTest.currentDate()&amp#27;[0m

    Embedding Screenshot [image/png 172904 bytes]

  &amp#27;[32mAnd &amp#27;[0m&amp#27;[32mVerify Month and Year&amp#27;[0m                                   &amp#27;[90m# allTest.TruTimeTest.verifyMonth()&amp#27;[0m

    Embedding Screenshot [image/png 173159 bytes]

]]></system-out>
  </testcase>
</testsuite>